<?xml version="1.0" encoding="UTF-8"?>
<robot generator="Robot 7.1.1 (Python 3.12.3 on linux)" generated="2024-11-12T23:32:58.494440" rpa="false" schemaversion="5">
<suite id="s1" name="Tests" source="/home/hanska/repos/webcounter/src/tests">
<suite id="s1-s1" name="Increment" source="/home/hanska/repos/webcounter/src/tests/increment.robot">
<kw name="Open And Configure Browser" owner="resource" type="SETUP">
<if>
<branch type="IF" condition="$BROWSER == 'chrome'">
<kw name="Evaluate" owner="BuiltIn">
<msg time="2024-11-12T23:32:58.609722" level="INFO">${options} = &lt;selenium.webdriver.chrome.options.Options object at 0x762364c66ea0&gt;</msg>
<var>${options}</var>
<arg>sys.modules['selenium.webdriver'].ChromeOptions()</arg>
<arg>sys</arg>
<doc>Evaluates the given expression in Python and returns the result.</doc>
<status status="PASS" start="2024-11-12T23:32:58.609185" elapsed="0.000587"/>
</kw>
<status status="PASS" start="2024-11-12T23:32:58.608501" elapsed="0.001377"/>
</branch>
<branch type="ELSE IF" condition="$BROWSER == 'firefox'">
<kw name="Evaluate" owner="BuiltIn">
<var>${options}</var>
<arg>sys.modules['selenium.webdriver'].FirefoxOptions()</arg>
<arg>sys</arg>
<doc>Evaluates the given expression in Python and returns the result.</doc>
<status status="NOT RUN" start="2024-11-12T23:32:58.610111" elapsed="0.000029"/>
</kw>
<status status="NOT RUN" start="2024-11-12T23:32:58.609934" elapsed="0.000242"/>
</branch>
<status status="PASS" start="2024-11-12T23:32:58.608477" elapsed="0.001729"/>
</if>
<if>
<branch type="IF" condition="$HEADLESS == 'true'">
<kw name="Set Selenium Speed" owner="SeleniumLibrary">
<arg>0</arg>
<doc>Sets the delay that is waited after each Selenium command.</doc>
<status status="NOT RUN" start="2024-11-12T23:32:58.610436" elapsed="0.000138"/>
</kw>
<kw name="Call Method" owner="BuiltIn">
<arg>${options}</arg>
<arg>add_argument</arg>
<arg>--headless</arg>
<doc>Calls the named method of the given object with the provided arguments.</doc>
<status status="NOT RUN" start="2024-11-12T23:32:58.610647" elapsed="0.000021"/>
</kw>
<status status="NOT RUN" start="2024-11-12T23:32:58.610265" elapsed="0.000434"/>
</branch>
<branch type="ELSE">
<kw name="Set Selenium Speed" owner="SeleniumLibrary">
<arg>${DELAY}</arg>
<doc>Sets the delay that is waited after each Selenium command.</doc>
<status status="PASS" start="2024-11-12T23:32:58.610789" elapsed="0.000290"/>
</kw>
<status status="PASS" start="2024-11-12T23:32:58.610725" elapsed="0.000392"/>
</branch>
<status status="PASS" start="2024-11-12T23:32:58.610251" elapsed="0.000893"/>
</if>
<kw name="Open Browser" owner="SeleniumLibrary">
<msg time="2024-11-12T23:32:58.611426" level="INFO">Opening browser 'chrome' to base url 'None'.</msg>
<arg>browser=${BROWSER}</arg>
<arg>options=${options}</arg>
<doc>Opens a new browser instance to the optional ``url``.</doc>
<status status="PASS" start="2024-11-12T23:32:58.611222" elapsed="0.603039"/>
</kw>
<status status="PASS" start="2024-11-12T23:32:58.608287" elapsed="0.606145"/>
</kw>
<test id="s1-s1-t1" name="At start the counter is zero" line="7">
<kw name="Go To" owner="SeleniumLibrary">
<msg time="2024-11-12T23:32:59.215671" level="INFO">Opening url 'http://localhost:5001'</msg>
<arg>${HOME_URL}</arg>
<doc>Navigates the current browser window to the provided ``url``.</doc>
<status status="PASS" start="2024-11-12T23:32:59.215312" elapsed="0.576561"/>
</kw>
<kw name="Title Should Be" owner="SeleniumLibrary">
<msg time="2024-11-12T23:33:00.304677" level="INFO">Page title is 'Laskuri'.</msg>
<arg>Laskuri</arg>
<doc>Verifies that the current page title equals ``title``.</doc>
<status status="PASS" start="2024-11-12T23:32:59.792397" elapsed="0.512412"/>
</kw>
<kw name="Page Should Contain" owner="SeleniumLibrary">
<msg time="2024-11-12T23:33:01.353362" level="INFO">Current page contains text 'nappia painettu 0 kertaa'.</msg>
<arg>nappia painettu 0 kertaa</arg>
<doc>Verifies that current page contains ``text``.</doc>
<status status="PASS" start="2024-11-12T23:33:00.305040" elapsed="1.048455"/>
</kw>
<status status="PASS" start="2024-11-12T23:32:59.214575" elapsed="2.139141"/>
</test>
<test id="s1-s1-t2" name="When button pressed twice the counter is two" line="12">
<kw name="Go To" owner="SeleniumLibrary">
<msg time="2024-11-12T23:33:01.354815" level="INFO">Opening url 'http://localhost:5001'</msg>
<arg>${HOME_URL}</arg>
<doc>Navigates the current browser window to the provided ``url``.</doc>
<status status="PASS" start="2024-11-12T23:33:01.354470" elapsed="0.524233"/>
</kw>
<kw name="Click Button" owner="SeleniumLibrary">
<msg time="2024-11-12T23:33:01.881123" level="INFO">Clicking button 'Paina'.</msg>
<arg>Paina</arg>
<doc>Clicks the button identified by ``locator``.</doc>
<status status="PASS" start="2024-11-12T23:33:01.879563" elapsed="1.632850"/>
</kw>
<kw name="Click Button" owner="SeleniumLibrary">
<msg time="2024-11-12T23:33:03.513884" level="INFO">Clicking button 'Paina'.</msg>
<arg>Paina</arg>
<doc>Clicks the button identified by ``locator``.</doc>
<status status="PASS" start="2024-11-12T23:33:03.513266" elapsed="1.660539"/>
</kw>
<kw name="Page Should Contain" owner="SeleniumLibrary">
<msg time="2024-11-12T23:33:06.212401" level="INFO">Current page contains text 'nappia painettu 2 kertaa'.</msg>
<arg>nappia painettu 2 kertaa</arg>
<doc>Verifies that current page contains ``text``.</doc>
<status status="PASS" start="2024-11-12T23:33:05.174718" elapsed="1.038042"/>
</kw>
<status status="PASS" start="2024-11-12T23:33:01.353950" elapsed="4.859587"/>
</test>
<kw name="Close Browser" owner="SeleniumLibrary" type="TEARDOWN">
<doc>Closes the current browser.</doc>
<status status="PASS" start="2024-11-12T23:33:06.215261" elapsed="0.589317"/>
</kw>
<status status="PASS" start="2024-11-12T23:32:58.514604" elapsed="8.290153"/>
</suite>
<suite id="s1-s2" name="Reset" source="/home/hanska/repos/webcounter/src/tests/reset.robot">
<kw name="Open And Configure Browser" owner="resource" type="SETUP">
<if>
<branch type="IF" condition="$BROWSER == 'chrome'">
<kw name="Evaluate" owner="BuiltIn">
<msg time="2024-11-12T23:33:06.808791" level="INFO">${options} = &lt;selenium.webdriver.chrome.options.Options object at 0x762364ac0350&gt;</msg>
<var>${options}</var>
<arg>sys.modules['selenium.webdriver'].ChromeOptions()</arg>
<arg>sys</arg>
<doc>Evaluates the given expression in Python and returns the result.</doc>
<status status="PASS" start="2024-11-12T23:33:06.808546" elapsed="0.000277"/>
</kw>
<status status="PASS" start="2024-11-12T23:33:06.808327" elapsed="0.000560"/>
</branch>
<branch type="ELSE IF" condition="$BROWSER == 'firefox'">
<kw name="Evaluate" owner="BuiltIn">
<var>${options}</var>
<arg>sys.modules['selenium.webdriver'].FirefoxOptions()</arg>
<arg>sys</arg>
<doc>Evaluates the given expression in Python and returns the result.</doc>
<status status="NOT RUN" start="2024-11-12T23:33:06.809006" elapsed="0.000023"/>
</kw>
<status status="NOT RUN" start="2024-11-12T23:33:06.808923" elapsed="0.000160"/>
</branch>
<status status="PASS" start="2024-11-12T23:33:06.808305" elapsed="0.000813"/>
</if>
<if>
<branch type="IF" condition="$HEADLESS == 'true'">
<kw name="Set Selenium Speed" owner="SeleniumLibrary">
<arg>0</arg>
<doc>Sets the delay that is waited after each Selenium command.</doc>
<status status="NOT RUN" start="2024-11-12T23:33:06.809509" elapsed="0.000038"/>
</kw>
<kw name="Call Method" owner="BuiltIn">
<arg>${options}</arg>
<arg>add_argument</arg>
<arg>--headless</arg>
<doc>Calls the named method of the given object with the provided arguments.</doc>
<status status="NOT RUN" start="2024-11-12T23:33:06.809655" elapsed="0.000021"/>
</kw>
<status status="NOT RUN" start="2024-11-12T23:33:06.809189" elapsed="0.000520"/>
</branch>
<branch type="ELSE">
<kw name="Set Selenium Speed" owner="SeleniumLibrary">
<arg>${DELAY}</arg>
<doc>Sets the delay that is waited after each Selenium command.</doc>
<status status="PASS" start="2024-11-12T23:33:06.809806" elapsed="0.000336"/>
</kw>
<status status="PASS" start="2024-11-12T23:33:06.809741" elapsed="0.000437"/>
</branch>
<status status="PASS" start="2024-11-12T23:33:06.809171" elapsed="0.001033"/>
</if>
<kw name="Open Browser" owner="SeleniumLibrary">
<msg time="2024-11-12T23:33:06.810635" level="INFO">Opening browser 'chrome' to base url 'None'.</msg>
<arg>browser=${BROWSER}</arg>
<arg>options=${options}</arg>
<doc>Opens a new browser instance to the optional ``url``.</doc>
<status status="PASS" start="2024-11-12T23:33:06.810401" elapsed="0.593767"/>
</kw>
<status status="PASS" start="2024-11-12T23:33:06.808110" elapsed="0.596264"/>
</kw>
<test id="s1-s2-t1" name="When counter has a nonzero value and it is reset the value becomes zero" line="7">
<kw name="Go To" owner="SeleniumLibrary">
<msg time="2024-11-12T23:33:07.405368" level="INFO">Opening url 'http://localhost:5001'</msg>
<arg>${HOME_URL}</arg>
<doc>Navigates the current browser window to the provided ``url``.</doc>
<status status="PASS" start="2024-11-12T23:33:07.405089" elapsed="0.588661"/>
</kw>
<kw name="Click Button" owner="SeleniumLibrary">
<msg time="2024-11-12T23:33:07.994307" level="INFO">Clicking button 'Nollaa'.</msg>
<arg>Nollaa</arg>
<doc>Clicks the button identified by ``locator``.</doc>
<status status="PASS" start="2024-11-12T23:33:07.994082" elapsed="1.594238"/>
</kw>
<kw name="Page Should Contain" owner="SeleniumLibrary">
<msg time="2024-11-12T23:33:10.639600" level="INFO">Current page contains text 'nappia painettu 0 kertaa'.</msg>
<arg>nappia painettu 0 kertaa</arg>
<doc>Verifies that current page contains ``text``.</doc>
<status status="PASS" start="2024-11-12T23:33:09.589013" elapsed="1.050942"/>
</kw>
<status status="PASS" start="2024-11-12T23:33:07.404506" elapsed="3.236189"/>
</test>
<kw name="Close Browser" owner="SeleniumLibrary" type="TEARDOWN">
<doc>Closes the current browser.</doc>
<status status="PASS" start="2024-11-12T23:33:10.642302" elapsed="0.565448"/>
</kw>
<status status="PASS" start="2024-11-12T23:33:06.805385" elapsed="4.402550"/>
</suite>
<suite id="s1-s3" name="Setvalue" source="/home/hanska/repos/webcounter/src/tests/setvalue.robot">
<kw name="Open And Configure Browser" owner="resource" type="SETUP">
<if>
<branch type="IF" condition="$BROWSER == 'chrome'">
<kw name="Evaluate" owner="BuiltIn">
<msg time="2024-11-12T23:33:11.211722" level="INFO">${options} = &lt;selenium.webdriver.chrome.options.Options object at 0x762364ac1fa0&gt;</msg>
<var>${options}</var>
<arg>sys.modules['selenium.webdriver'].ChromeOptions()</arg>
<arg>sys</arg>
<doc>Evaluates the given expression in Python and returns the result.</doc>
<status status="PASS" start="2024-11-12T23:33:11.211495" elapsed="0.000256"/>
</kw>
<status status="PASS" start="2024-11-12T23:33:11.211274" elapsed="0.000541"/>
</branch>
<branch type="ELSE IF" condition="$BROWSER == 'firefox'">
<kw name="Evaluate" owner="BuiltIn">
<var>${options}</var>
<arg>sys.modules['selenium.webdriver'].FirefoxOptions()</arg>
<arg>sys</arg>
<doc>Evaluates the given expression in Python and returns the result.</doc>
<status status="NOT RUN" start="2024-11-12T23:33:11.211917" elapsed="0.000020"/>
</kw>
<status status="NOT RUN" start="2024-11-12T23:33:11.211848" elapsed="0.000126"/>
</branch>
<status status="PASS" start="2024-11-12T23:33:11.211251" elapsed="0.000747"/>
</if>
<if>
<branch type="IF" condition="$HEADLESS == 'true'">
<kw name="Set Selenium Speed" owner="SeleniumLibrary">
<arg>0</arg>
<doc>Sets the delay that is waited after each Selenium command.</doc>
<status status="NOT RUN" start="2024-11-12T23:33:11.212569" elapsed="0.000095"/>
</kw>
<kw name="Call Method" owner="BuiltIn">
<arg>${options}</arg>
<arg>add_argument</arg>
<arg>--headless</arg>
<doc>Calls the named method of the given object with the provided arguments.</doc>
<status status="NOT RUN" start="2024-11-12T23:33:11.212820" elapsed="0.000028"/>
</kw>
<status status="NOT RUN" start="2024-11-12T23:33:11.212044" elapsed="0.000845"/>
</branch>
<branch type="ELSE">
<kw name="Set Selenium Speed" owner="SeleniumLibrary">
<arg>${DELAY}</arg>
<doc>Sets the delay that is waited after each Selenium command.</doc>
<status status="PASS" start="2024-11-12T23:33:11.213027" elapsed="0.000371"/>
</kw>
<status status="PASS" start="2024-11-12T23:33:11.212945" elapsed="0.000499"/>
</branch>
<status status="PASS" start="2024-11-12T23:33:11.212031" elapsed="0.001443"/>
</if>
<kw name="Open Browser" owner="SeleniumLibrary">
<msg time="2024-11-12T23:33:11.213771" level="INFO">Opening browser 'chrome' to base url 'None'.</msg>
<arg>browser=${BROWSER}</arg>
<arg>options=${options}</arg>
<doc>Opens a new browser instance to the optional ``url``.</doc>
<status status="PASS" start="2024-11-12T23:33:11.213574" elapsed="0.592097"/>
</kw>
<status status="PASS" start="2024-11-12T23:33:11.211047" elapsed="0.594804"/>
</kw>
<test id="s1-s3-t1" name="when user chooses value the value bekoms it" line="7">
<kw name="Go To" owner="SeleniumLibrary">
<msg time="2024-11-12T23:33:11.806796" level="INFO">Opening url 'http://localhost:5001'</msg>
<arg>${HOME_URL}</arg>
<doc>Navigates the current browser window to the provided ``url``.</doc>
<status status="PASS" start="2024-11-12T23:33:11.806559" elapsed="0.584172"/>
</kw>
<kw name="Input Text" owner="SeleniumLibrary">
<msg time="2024-11-12T23:33:12.391917" level="INFO">Typing text '10' into text field 'value'.</msg>
<arg>value</arg>
<arg>10</arg>
<doc>Types the given ``text`` into the text field identified by ``locator``.</doc>
<status status="PASS" start="2024-11-12T23:33:12.391514" elapsed="1.712074"/>
</kw>
<kw name="Click Button" owner="SeleniumLibrary">
<msg time="2024-11-12T23:33:14.104290" level="INFO">Clicking button 'aseta'.</msg>
<arg>aseta</arg>
<doc>Clicks the button identified by ``locator``.</doc>
<status status="PASS" start="2024-11-12T23:33:14.104003" elapsed="1.689475"/>
</kw>
<kw name="Page Should Contain" owner="SeleniumLibrary">
<msg time="2024-11-12T23:33:16.827349" level="INFO">Current page contains text 'nappia painettu 10 kertaa'.</msg>
<arg>nappia painettu 10 kertaa</arg>
<doc>Verifies that current page contains ``text``.</doc>
<status status="PASS" start="2024-11-12T23:33:15.794176" elapsed="1.033484"/>
</kw>
<status status="PASS" start="2024-11-12T23:33:11.805970" elapsed="5.022370"/>
</test>
<kw name="Close Browser" owner="SeleniumLibrary" type="TEARDOWN">
<doc>Closes the current browser.</doc>
<status status="PASS" start="2024-11-12T23:33:16.829609" elapsed="0.561175"/>
</kw>
<status status="PASS" start="2024-11-12T23:33:11.208603" elapsed="6.182563"/>
</suite>
<status status="PASS" start="2024-11-12T23:32:58.495321" elapsed="18.897616"/>
</suite>
<statistics>
<total>
<stat pass="4" fail="0" skip="0">All Tests</stat>
</total>
<tag>
</tag>
<suite>
<stat pass="4" fail="0" skip="0" id="s1" name="Tests">Tests</stat>
<stat pass="2" fail="0" skip="0" id="s1-s1" name="Increment">Tests.Increment</stat>
<stat pass="1" fail="0" skip="0" id="s1-s2" name="Reset">Tests.Reset</stat>
<stat pass="1" fail="0" skip="0" id="s1-s3" name="Setvalue">Tests.Setvalue</stat>
</suite>
</statistics>
<errors>
</errors>
</robot>
